# JRE version: OpenJDK Runtime Environment (8.0_152-b01) (build 1.8.0_152-release-1343-b01)
# Java VM: OpenJDK 64-Bit Server VM (25.152-b01 mixed mode windows-amd64 compressed oops)
Heap:
 PSYoungGen      total 105472K, used 88145K [0x00000000e0000000, 0x00000000e7780000, 0x0000000100000000)
  eden space 94720K, 83% used [0x00000000e0000000,0x00000000e4d8ab48,0x00000000e5c80000)
  from space 10752K, 81% used [0x00000000e6280000,0x00000000e6b09b10,0x00000000e6d00000)
  to   space 8192K, 0% used [0x00000000e6f80000,0x00000000e6f80000,0x00000000e7780000)
 ParOldGen       total 54272K, used 31741K [0x00000000a0000000, 0x00000000a3500000, 0x00000000e0000000)
  object space 54272K, 58% used [0x00000000a0000000,0x00000000a1eff760,0x00000000a3500000)
 Metaspace       used 62636K, capacity 64484K, committed 64728K, reserved 1105920K
  class space    used 8406K, capacity 8833K, committed 8920K, reserved 1048576K
GC Heap History (10 events):
Event: 11.870 GC heap before
{Heap before GC invocations=16 (full 2):
 PSYoungGen      total 81920K, used 75264K [0x00000000e0000000, 0x00000000e7780000, 0x0000000100000000)
  eden space 75264K, 100% used [0x00000000e0000000,0x00000000e4980000,0x00000000e4980000)
  from space 6656K, 0% used [0x00000000e4980000,0x00000000e4980000,0x00000000e5000000)
  to   space 8192K, 0% used [0x00000000e6f80000,0x00000000e6f80000,0x00000000e7780000)
 ParOldGen       total 54272K, used 18346K [0x00000000a0000000, 0x00000000a3500000, 0x00000000e0000000)
  object space 54272K, 33% used [0x00000000a0000000,0x00000000a11ea8c0,0x00000000a3500000)
 Metaspace       used 43348K, capacity 44264K, committed 44544K, reserved 1087488K
  class space    used 5822K, capacity 6088K, committed 6144K, reserved 1048576K
Event: 11.888 GC heap after
Heap after GC invocations=16 (full 2):
 PSYoungGen      total 102912K, used 8162K [0x00000000e0000000, 0x00000000e7780000, 0x0000000100000000)
  eden space 94720K, 0% used [0x00000000e0000000,0x00000000e0000000,0x00000000e5c80000)
  from space 8192K, 99% used [0x00000000e6f80000,0x00000000e77789f0,0x00000000e7780000)
  to   space 10752K, 0% used [0x00000000e6280000,0x00000000e6280000,0x00000000e6d00000)
 ParOldGen       total 54272K, used 22202K [0x00000000a0000000, 0x00000000a3500000, 0x00000000e0000000)
  object space 54272K, 40% used [0x00000000a0000000,0x00000000a15ae9e8,0x00000000a3500000)
 Metaspace       used 43348K, capacity 44264K, committed 44544K, reserved 1087488K
  class space    used 5822K, capacity 6088K, committed 6144K, reserved 1048576K
}
Event: 14.892 GC heap before
{Heap before GC invocations=17 (full 2):
 PSYoungGen      total 102912K, used 102882K [0x00000000e0000000, 0x00000000e7780000, 0x0000000100000000)
  eden space 94720K, 100% used [0x00000000e0000000,0x00000000e5c80000,0x00000000e5c80000)
  from space 8192K, 99% used [0x00000000e6f80000,0x00000000e77789f0,0x00000000e7780000)
  to   space 10752K, 0% used [0x00000000e6280000,0x00000000e6280000,0x00000000e6d00000)
 ParOldGen       total 54272K, used 22202K [0x00000000a0000000, 0x00000000a3500000, 0x00000000e0000000)
  object space 54272K, 40% used [0x00000000a0000000,0x00000000a15ae9e8,0x00000000a3500000)
 Metaspace       used 52040K, capacity 53254K, committed 53376K, reserved 1095680K
  class space    used 6954K, capacity 7250K, committed 7296K, reserved 1048576K
Event: 14.923 GC heap after
Heap after GC invocations=17 (full 2):
 PSYoungGen      total 105472K, used 9273K [0x00000000e0000000, 0x00000000e7780000, 0x0000000100000000)
  eden space 94720K, 0% used [0x00000000e0000000,0x00000000e0000000,0x00000000e5c80000)
  from space 10752K, 86% used [0x00000000e6280000,0x00000000e6b8e648,0x00000000e6d00000)
  to   space 8192K, 0% used [0x00000000e6f80000,0x00000000e6f80000,0x00000000e7780000)
 ParOldGen       total 54272K, used 27005K [0x00000000a0000000, 0x00000000a3500000, 0x00000000e0000000)
  object space 54272K, 49% used [0x00000000a0000000,0x00000000a1a5f7c0,0x00000000a3500000)
 Metaspace       used 52040K, capacity 53254K, committed 53376K, reserved 1095680K
  class space    used 6954K, capacity 7250K, committed 7296K, reserved 1048576K
}
Event: 16.137 GC heap before
{Heap before GC invocations=18 (full 2):
 PSYoungGen      total 105472K, used 80964K [0x00000000e0000000, 0x00000000e7780000, 0x0000000100000000)
  eden space 94720K, 75% used [0x00000000e0000000,0x00000000e4602b10,0x00000000e5c80000)
  from space 10752K, 86% used [0x00000000e6280000,0x00000000e6b8e648,0x00000000e6d00000)
  to   space 8192K, 0% used [0x00000000e6f80000,0x00000000e6f80000,0x00000000e7780000)
 ParOldGen       total 54272K, used 27005K [0x00000000a0000000, 0x00000000a3500000, 0x00000000e0000000)
  object space 54272K, 49% used [0x00000000a0000000,0x00000000a1a5f7c0,0x00000000a3500000)
 Metaspace       used 57550K, capacity 59034K, committed 59096K, reserved 1099776K
  class space    used 7761K, capacity 8126K, committed 8152K, reserved 1048576K
Event: 16.160 GC heap after
Heap after GC invocations=18 (full 2):
 PSYoungGen      total 102912K, used 8175K [0x00000000e0000000, 0x00000000e7780000, 0x0000000100000000)
  eden space 94720K, 0% used [0x00000000e0000000,0x00000000e0000000,0x00000000e5c80000)
  from space 8192K, 99% used [0x00000000e6f80000,0x00000000e777bf60,0x00000000e7780000)
  to   space 10752K, 0% used [0x00000000e6280000,0x00000000e6280000,0x00000000e6d00000)
 ParOldGen       total 54272K, used 31583K [0x00000000a0000000, 0x00000000a3500000, 0x00000000e0000000)
  object space 54272K, 58% used [0x00000000a0000000,0x00000000a1ed7f28,0x00000000a3500000)
 Metaspace       used 57550K, capacity 59034K, committed 59096K, reserved 1099776K
  class space    used 7761K, capacity 8126K, committed 8152K, reserved 1048576K
}
Event: 16.160 GC heap before
{Heap before GC invocations=19 (full 3):
 PSYoungGen      total 102912K, used 8175K [0x00000000e0000000, 0x00000000e7780000, 0x0000000100000000)
  eden space 94720K, 0% used [0x00000000e0000000,0x00000000e0000000,0x00000000e5c80000)
  from space 8192K, 99% used [0x00000000e6f80000,0x00000000e777bf60,0x00000000e7780000)
  to   space 10752K, 0% used [0x00000000e6280000,0x00000000e6280000,0x00000000e6d00000)
 ParOldGen       total 54272K, used 31583K [0x00000000a0000000, 0x00000000a3500000, 0x00000000e0000000)
  object space 54272K, 58% used [0x00000000a0000000,0x00000000a1ed7f28,0x00000000a3500000)
 Metaspace       used 57550K, capacity 59034K, committed 59096K, reserved 1099776K
  class space    used 7761K, capacity 8126K, committed 8152K, reserved 1048576K
Event: 16.509 GC heap after
Heap after GC invocations=19 (full 3):
 PSYoungGen      total 102912K, used 0K [0x00000000e0000000, 0x00000000e7780000, 0x0000000100000000)
  eden space 94720K, 0% used [0x00000000e0000000,0x00000000e0000000,0x00000000e5c80000)
  from space 8192K, 0% used [0x00000000e6f80000,0x00000000e6f80000,0x00000000e7780000)
  to   space 10752K, 0% used [0x00000000e6280000,0x00000000e6280000,0x00000000e6d00000)
 ParOldGen       total 54272K, used 31733K [0x00000000a0000000, 0x00000000a3500000, 0x00000000e0000000)
  object space 54272K, 58% used [0x00000000a0000000,0x00000000a1efd760,0x00000000a3500000)
 Metaspace       used 57550K, capacity 59034K, committed 59096K, reserved 1099776K
  class space    used 7761K, capacity 8126K, committed 8152K, reserved 1048576K
}
Event: 19.349 GC heap before
{Heap before GC invocations=20 (full 3):
 PSYoungGen      total 102912K, used 94720K [0x00000000e0000000, 0x00000000e7780000, 0x0000000100000000)
  eden space 94720K, 100% used [0x00000000e0000000,0x00000000e5c80000,0x00000000e5c80000)
  from space 8192K, 0% used [0x00000000e6f80000,0x00000000e6f80000,0x00000000e7780000)
  to   space 10752K, 0% used [0x00000000e6280000,0x00000000e6280000,0x00000000e6d00000)
 ParOldGen       total 54272K, used 31733K [0x00000000a0000000, 0x00000000a3500000, 0x00000000e0000000)
  object space 54272K, 58% used [0x00000000a0000000,0x00000000a1efd760,0x00000000a3500000)
 Metaspace       used 60772K, capacity 62522K, committed 62680K, reserved 1103872K
  class space    used 8196K, capacity 8620K, committed 8664K, reserved 1048576K
Event: 19.364 GC heap after
Heap after GC invocations=20 (full 3):
 PSYoungGen      total 105472K, used 8742K [0x00000000e0000000, 0x00000000e7780000, 0x0000000100000000)
  eden space 94720K, 0% used [0x00000000e0000000,0x00000000e0000000,0x00000000e5c80000)
  from space 10752K, 81% used [0x00000000e6280000,0x00000000e6b09b10,0x00000000e6d00000)
  to   space 8192K, 0% used [0x00000000e6f80000,0x00000000e6f80000,0x00000000e7780000)
 ParOldGen       total 54272K, used 31741K [0x00000000a0000000, 0x00000000a3500000, 0x00000000e0000000)
  object space 54272K, 58% used [0x00000000a0000000,0x00000000a1eff760,0x00000000a3500000)
 Metaspace       used 60772K, capacity 62522K, committed 62680K, reserved 1103872K
  class space    used 8196K, capacity 8620K, committed 8664K, reserved 1048576K
}

