# JRE version: OpenJDK Runtime Environment (8.0_152-b01) (build 1.8.0_152-release-1343-b01)
# Java VM: OpenJDK 64-Bit Server VM (25.152-b01 mixed mode windows-amd64 compressed oops)
Heap:
 PSYoungGen      total 111104K, used 24998K [0x00000000e0000000, 0x00000000e7800000, 0x0000000100000000)
  eden space 103424K, 24% used [0x00000000e0000000,0x00000000e1869800,0x00000000e6500000)
  from space 7680K, 0% used [0x00000000e6f80000,0x00000000e6f80000,0x00000000e7700000)
  to   space 9728K, 0% used [0x00000000e6500000,0x00000000e6500000,0x00000000e6e80000)
 ParOldGen       total 77824K, used 30923K [0x00000000a0000000, 0x00000000a4c00000, 0x00000000e0000000)
  object space 77824K, 39% used [0x00000000a0000000,0x00000000a1e32f68,0x00000000a4c00000)
 Metaspace       used 58942K, capacity 60540K, committed 60632K, reserved 1101824K
  class space    used 7962K, capacity 8341K, committed 8408K, reserved 1048576K
GC Heap History (10 events):
Event: 19.234 GC heap before
{Heap before GC invocations=15 (full 2):
 PSYoungGen      total 82432K, used 6635K [0x00000000e0000000, 0x00000000e7700000, 0x0000000100000000)
  eden space 75776K, 0% used [0x00000000e0000000,0x00000000e0000000,0x00000000e4a00000)
  from space 6656K, 99% used [0x00000000e4a00000,0x00000000e507ae28,0x00000000e5080000)
  to   space 7680K, 0% used [0x00000000e6f80000,0x00000000e6f80000,0x00000000e7700000)
 ParOldGen       total 31744K, used 14538K [0x00000000a0000000, 0x00000000a1f00000, 0x00000000e0000000)
  object space 31744K, 45% used [0x00000000a0000000,0x00000000a0e32ad0,0x00000000a1f00000)
 Metaspace       used 34687K, capacity 35438K, committed 35456K, reserved 1079296K
  class space    used 4778K, capacity 4992K, committed 4992K, reserved 1048576K
Event: 19.397 GC heap after
Heap after GC invocations=15 (full 2):
 PSYoungGen      total 82432K, used 0K [0x00000000e0000000, 0x00000000e7700000, 0x0000000100000000)
  eden space 75776K, 0% used [0x00000000e0000000,0x00000000e0000000,0x00000000e4a00000)
  from space 6656K, 0% used [0x00000000e4a00000,0x00000000e4a00000,0x00000000e5080000)
  to   space 7680K, 0% used [0x00000000e6f80000,0x00000000e6f80000,0x00000000e7700000)
 ParOldGen       total 50688K, used 18147K [0x00000000a0000000, 0x00000000a3180000, 0x00000000e0000000)
  object space 50688K, 35% used [0x00000000a0000000,0x00000000a11b8ce8,0x00000000a3180000)
 Metaspace       used 34680K, capacity 35414K, committed 35456K, reserved 1079296K
  class space    used 4776K, capacity 4988K, committed 4992K, reserved 1048576K
}
Event: 21.364 GC heap before
{Heap before GC invocations=16 (full 2):
 PSYoungGen      total 82432K, used 75776K [0x00000000e0000000, 0x00000000e7700000, 0x0000000100000000)
  eden space 75776K, 100% used [0x00000000e0000000,0x00000000e4a00000,0x00000000e4a00000)
  from space 6656K, 0% used [0x00000000e4a00000,0x00000000e4a00000,0x00000000e5080000)
  to   space 7680K, 0% used [0x00000000e6f80000,0x00000000e6f80000,0x00000000e7700000)
 ParOldGen       total 50688K, used 18147K [0x00000000a0000000, 0x00000000a3180000, 0x00000000e0000000)
  object space 50688K, 35% used [0x00000000a0000000,0x00000000a11b8ce8,0x00000000a3180000)
 Metaspace       used 43343K, capacity 44200K, committed 44544K, reserved 1087488K
  class space    used 5836K, capacity 6088K, committed 6144K, reserved 1048576K
Event: 21.416 GC heap after
Heap after GC invocations=16 (full 2):
 PSYoungGen      total 111104K, used 7667K [0x00000000e0000000, 0x00000000e7800000, 0x0000000100000000)
  eden space 103424K, 0% used [0x00000000e0000000,0x00000000e0000000,0x00000000e6500000)
  from space 7680K, 99% used [0x00000000e6f80000,0x00000000e76fcfe8,0x00000000e7700000)
  to   space 9728K, 0% used [0x00000000e6500000,0x00000000e6500000,0x00000000e6e80000)
 ParOldGen       total 50688K, used 22160K [0x00000000a0000000, 0x00000000a3180000, 0x00000000e0000000)
  object space 50688K, 43% used [0x00000000a0000000,0x00000000a15a42f8,0x00000000a3180000)
 Metaspace       used 43343K, capacity 44200K, committed 44544K, reserved 1087488K
  class space    used 5836K, capacity 6088K, committed 6144K, reserved 1048576K
}
Event: 25.917 GC heap before
{Heap before GC invocations=17 (full 2):
 PSYoungGen      total 111104K, used 111091K [0x00000000e0000000, 0x00000000e7800000, 0x0000000100000000)
  eden space 103424K, 100% used [0x00000000e0000000,0x00000000e6500000,0x00000000e6500000)
  from space 7680K, 99% used [0x00000000e6f80000,0x00000000e76fcfe8,0x00000000e7700000)
  to   space 9728K, 0% used [0x00000000e6500000,0x00000000e6500000,0x00000000e6e80000)
 ParOldGen       total 50688K, used 22160K [0x00000000a0000000, 0x00000000a3180000, 0x00000000e0000000)
  object space 50688K, 43% used [0x00000000a0000000,0x00000000a15a42f8,0x00000000a3180000)
 Metaspace       used 53029K, capacity 54330K, committed 54656K, reserved 1095680K
  class space    used 7112K, capacity 7464K, committed 7552K, reserved 1048576K
Event: 25.973 GC heap after
Heap after GC invocations=17 (full 2):
 PSYoungGen      total 113152K, used 9719K [0x00000000e0000000, 0x00000000e7800000, 0x0000000100000000)
  eden space 103424K, 0% used [0x00000000e0000000,0x00000000e0000000,0x00000000e6500000)
  from space 9728K, 99% used [0x00000000e6500000,0x00000000e6e7dfe0,0x00000000e6e80000)
  to   space 7680K, 0% used [0x00000000e6f80000,0x00000000e6f80000,0x00000000e7700000)
 ParOldGen       total 50688K, used 27959K [0x00000000a0000000, 0x00000000a3180000, 0x00000000e0000000)
  object space 50688K, 55% used [0x00000000a0000000,0x00000000a1b4dde0,0x00000000a3180000)
 Metaspace       used 53029K, capacity 54330K, committed 54656K, reserved 1095680K
  class space    used 7112K, capacity 7464K, committed 7552K, reserved 1048576K
}
Event: 27.528 GC heap before
{Heap before GC invocations=18 (full 2):
 PSYoungGen      total 113152K, used 72224K [0x00000000e0000000, 0x00000000e7800000, 0x0000000100000000)
  eden space 103424K, 60% used [0x00000000e0000000,0x00000000e3d0a1c0,0x00000000e6500000)
  from space 9728K, 99% used [0x00000000e6500000,0x00000000e6e7dfe0,0x00000000e6e80000)
  to   space 7680K, 0% used [0x00000000e6f80000,0x00000000e6f80000,0x00000000e7700000)
 ParOldGen       total 50688K, used 27959K [0x00000000a0000000, 0x00000000a3180000, 0x00000000e0000000)
  object space 50688K, 55% used [0x00000000a0000000,0x00000000a1b4dde0,0x00000000a3180000)
 Metaspace       used 57549K, capacity 59038K, committed 59096K, reserved 1099776K
  class space    used 7758K, capacity 8126K, committed 8152K, reserved 1048576K
Event: 27.551 GC heap after
Heap after GC invocations=18 (full 2):
 PSYoungGen      total 111104K, used 7102K [0x00000000e0000000, 0x00000000e7800000, 0x0000000100000000)
  eden space 103424K, 0% used [0x00000000e0000000,0x00000000e0000000,0x00000000e6500000)
  from space 7680K, 92% used [0x00000000e6f80000,0x00000000e766f9a0,0x00000000e7700000)
  to   space 9728K, 0% used [0x00000000e6500000,0x00000000e6500000,0x00000000e6e80000)
 ParOldGen       total 50688K, used 32899K [0x00000000a0000000, 0x00000000a3180000, 0x00000000e0000000)
  object space 50688K, 64% used [0x00000000a0000000,0x00000000a2020d90,0x00000000a3180000)
 Metaspace       used 57549K, capacity 59038K, committed 59096K, reserved 1099776K
  class space    used 7758K, capacity 8126K, committed 8152K, reserved 1048576K
}
Event: 27.551 GC heap before
{Heap before GC invocations=19 (full 3):
 PSYoungGen      total 111104K, used 7102K [0x00000000e0000000, 0x00000000e7800000, 0x0000000100000000)
  eden space 103424K, 0% used [0x00000000e0000000,0x00000000e0000000,0x00000000e6500000)
  from space 7680K, 92% used [0x00000000e6f80000,0x00000000e766f9a0,0x00000000e7700000)
  to   space 9728K, 0% used [0x00000000e6500000,0x00000000e6500000,0x00000000e6e80000)
 ParOldGen       total 50688K, used 32899K [0x00000000a0000000, 0x00000000a3180000, 0x00000000e0000000)
  object space 50688K, 64% used [0x00000000a0000000,0x00000000a2020d90,0x00000000a3180000)
 Metaspace       used 57549K, capacity 59038K, committed 59096K, reserved 1099776K
  class space    used 7758K, capacity 8126K, committed 8152K, reserved 1048576K
Event: 27.991 GC heap after
Heap after GC invocations=19 (full 3):
 PSYoungGen      total 111104K, used 0K [0x00000000e0000000, 0x00000000e7800000, 0x0000000100000000)
  eden space 103424K, 0% used [0x00000000e0000000,0x00000000e0000000,0x00000000e6500000)
  from space 7680K, 0% used [0x00000000e6f80000,0x00000000e6f80000,0x00000000e7700000)
  to   space 9728K, 0% used [0x00000000e6500000,0x00000000e6500000,0x00000000e6e80000)
 ParOldGen       total 77824K, used 30923K [0x00000000a0000000, 0x00000000a4c00000, 0x00000000e0000000)
  object space 77824K, 39% used [0x00000000a0000000,0x00000000a1e32f68,0x00000000a4c00000)
 Metaspace       used 57549K, capacity 59038K, committed 59096K, reserved 1099776K
  class space    used 7758K, capacity 8126K, committed 8152K, reserved 1048576K
}

