# JRE version: OpenJDK Runtime Environment (8.0_152-b01) (build 1.8.0_152-release-1343-b01)
# Java VM: OpenJDK 64-Bit Server VM (25.152-b01 mixed mode windows-amd64 compressed oops)
Heap:
 PSYoungGen      total 105472K, used 80477K [0x00000000e0000000, 0x00000000e7100000, 0x0000000100000000)
  eden space 95232K, 75% used [0x00000000e0000000,0x00000000e45fd090,0x00000000e5d00000)
  from space 10240K, 86% used [0x00000000e5d00000,0x00000000e659a3b8,0x00000000e6700000)
  to   space 8192K, 0% used [0x00000000e6800000,0x00000000e6800000,0x00000000e7000000)
 ParOldGen       total 52736K, used 32042K [0x00000000a0000000, 0x00000000a3380000, 0x00000000e0000000)
  object space 52736K, 60% used [0x00000000a0000000,0x00000000a1f4ab60,0x00000000a3380000)
 Metaspace       used 62029K, capacity 63930K, committed 64088K, reserved 1103872K
  class space    used 8316K, capacity 8734K, committed 8792K, reserved 1048576K
GC Heap History (10 events):
Event: 21.183 GC heap before
{Heap before GC invocations=16 (full 2):
 PSYoungGen      total 79872K, used 73216K [0x00000000e0000000, 0x00000000e7000000, 0x0000000100000000)
  eden space 73216K, 100% used [0x00000000e0000000,0x00000000e4780000,0x00000000e4780000)
  from space 6656K, 0% used [0x00000000e4780000,0x00000000e4780000,0x00000000e4e00000)
  to   space 8192K, 0% used [0x00000000e6800000,0x00000000e6800000,0x00000000e7000000)
 ParOldGen       total 52736K, used 18160K [0x00000000a0000000, 0x00000000a3380000, 0x00000000e0000000)
  object space 52736K, 34% used [0x00000000a0000000,0x00000000a11bc088,0x00000000a3380000)
 Metaspace       used 43187K, capacity 44092K, committed 44288K, reserved 1087488K
  class space    used 5821K, capacity 6054K, committed 6144K, reserved 1048576K
Event: 21.200 GC heap after
Heap after GC invocations=16 (full 2):
 PSYoungGen      total 103424K, used 8175K [0x00000000e0000000, 0x00000000e7100000, 0x0000000100000000)
  eden space 95232K, 0% used [0x00000000e0000000,0x00000000e0000000,0x00000000e5d00000)
  from space 8192K, 99% used [0x00000000e6800000,0x00000000e6ffbfe8,0x00000000e7000000)
  to   space 10240K, 0% used [0x00000000e5d00000,0x00000000e5d00000,0x00000000e6700000)
 ParOldGen       total 52736K, used 21126K [0x00000000a0000000, 0x00000000a3380000, 0x00000000e0000000)
  object space 52736K, 40% used [0x00000000a0000000,0x00000000a14a1b78,0x00000000a3380000)
 Metaspace       used 43187K, capacity 44092K, committed 44288K, reserved 1087488K
  class space    used 5821K, capacity 6054K, committed 6144K, reserved 1048576K
}
Event: 25.501 GC heap before
{Heap before GC invocations=17 (full 2):
 PSYoungGen      total 103424K, used 103407K [0x00000000e0000000, 0x00000000e7100000, 0x0000000100000000)
  eden space 95232K, 100% used [0x00000000e0000000,0x00000000e5d00000,0x00000000e5d00000)
  from space 8192K, 99% used [0x00000000e6800000,0x00000000e6ffbfe8,0x00000000e7000000)
  to   space 10240K, 0% used [0x00000000e5d00000,0x00000000e5d00000,0x00000000e6700000)
 ParOldGen       total 52736K, used 21126K [0x00000000a0000000, 0x00000000a3380000, 0x00000000e0000000)
  object space 52736K, 40% used [0x00000000a0000000,0x00000000a14a1b78,0x00000000a3380000)
 Metaspace       used 51664K, capacity 52802K, committed 53120K, reserved 1095680K
  class space    used 6910K, capacity 7226K, committed 7296K, reserved 1048576K
Event: 25.526 GC heap after
Heap after GC invocations=17 (full 2):
 PSYoungGen      total 105472K, used 9112K [0x00000000e0000000, 0x00000000e7100000, 0x0000000100000000)
  eden space 95232K, 0% used [0x00000000e0000000,0x00000000e0000000,0x00000000e5d00000)
  from space 10240K, 88% used [0x00000000e5d00000,0x00000000e65e6348,0x00000000e6700000)
  to   space 8192K, 0% used [0x00000000e6800000,0x00000000e6800000,0x00000000e7000000)
 ParOldGen       total 52736K, used 25862K [0x00000000a0000000, 0x00000000a3380000, 0x00000000e0000000)
  object space 52736K, 49% used [0x00000000a0000000,0x00000000a1941960,0x00000000a3380000)
 Metaspace       used 51664K, capacity 52802K, committed 53120K, reserved 1095680K
  class space    used 6910K, capacity 7226K, committed 7296K, reserved 1048576K
}
Event: 27.453 GC heap before
{Heap before GC invocations=18 (full 2):
 PSYoungGen      total 105472K, used 83248K [0x00000000e0000000, 0x00000000e7100000, 0x0000000100000000)
  eden space 95232K, 77% used [0x00000000e0000000,0x00000000e4866038,0x00000000e5d00000)
  from space 10240K, 88% used [0x00000000e5d00000,0x00000000e65e6348,0x00000000e6700000)
  to   space 8192K, 0% used [0x00000000e6800000,0x00000000e6800000,0x00000000e7000000)
 ParOldGen       total 52736K, used 25862K [0x00000000a0000000, 0x00000000a3380000, 0x00000000e0000000)
  object space 52736K, 49% used [0x00000000a0000000,0x00000000a1941960,0x00000000a3380000)
 Metaspace       used 57550K, capacity 59038K, committed 59096K, reserved 1099776K
  class space    used 7761K, capacity 8126K, committed 8152K, reserved 1048576K
Event: 27.507 GC heap after
Heap after GC invocations=18 (full 2):
 PSYoungGen      total 103424K, used 8176K [0x00000000e0000000, 0x00000000e7100000, 0x0000000100000000)
  eden space 95232K, 0% used [0x00000000e0000000,0x00000000e0000000,0x00000000e5d00000)
  from space 8192K, 99% used [0x00000000e6800000,0x00000000e6ffc180,0x00000000e7000000)
  to   space 10240K, 0% used [0x00000000e5d00000,0x00000000e5d00000,0x00000000e6700000)
 ParOldGen       total 52736K, used 30836K [0x00000000a0000000, 0x00000000a3380000, 0x00000000e0000000)
  object space 52736K, 58% used [0x00000000a0000000,0x00000000a1e1d3a8,0x00000000a3380000)
 Metaspace       used 57550K, capacity 59038K, committed 59096K, reserved 1099776K
  class space    used 7761K, capacity 8126K, committed 8152K, reserved 1048576K
}
Event: 27.508 GC heap before
{Heap before GC invocations=19 (full 3):
 PSYoungGen      total 103424K, used 8176K [0x00000000e0000000, 0x00000000e7100000, 0x0000000100000000)
  eden space 95232K, 0% used [0x00000000e0000000,0x00000000e0000000,0x00000000e5d00000)
  from space 8192K, 99% used [0x00000000e6800000,0x00000000e6ffc180,0x00000000e7000000)
  to   space 10240K, 0% used [0x00000000e5d00000,0x00000000e5d00000,0x00000000e6700000)
 ParOldGen       total 52736K, used 30836K [0x00000000a0000000, 0x00000000a3380000, 0x00000000e0000000)
  object space 52736K, 58% used [0x00000000a0000000,0x00000000a1e1d3a8,0x00000000a3380000)
 Metaspace       used 57550K, capacity 59038K, committed 59096K, reserved 1099776K
  class space    used 7761K, capacity 8126K, committed 8152K, reserved 1048576K
Event: 28.147 GC heap after
Heap after GC invocations=19 (full 3):
 PSYoungGen      total 103424K, used 0K [0x00000000e0000000, 0x00000000e7100000, 0x0000000100000000)
  eden space 95232K, 0% used [0x00000000e0000000,0x00000000e0000000,0x00000000e5d00000)
  from space 8192K, 0% used [0x00000000e6800000,0x00000000e6800000,0x00000000e7000000)
  to   space 10240K, 0% used [0x00000000e5d00000,0x00000000e5d00000,0x00000000e6700000)
 ParOldGen       total 52736K, used 32034K [0x00000000a0000000, 0x00000000a3380000, 0x00000000e0000000)
  object space 52736K, 60% used [0x00000000a0000000,0x00000000a1f48b60,0x00000000a3380000)
 Metaspace       used 57550K, capacity 59038K, committed 59096K, reserved 1099776K
  class space    used 7761K, capacity 8126K, committed 8152K, reserved 1048576K
}
Event: 32.624 GC heap before
{Heap before GC invocations=20 (full 3):
 PSYoungGen      total 103424K, used 95232K [0x00000000e0000000, 0x00000000e7100000, 0x0000000100000000)
  eden space 95232K, 100% used [0x00000000e0000000,0x00000000e5d00000,0x00000000e5d00000)
  from space 8192K, 0% used [0x00000000e6800000,0x00000000e6800000,0x00000000e7000000)
  to   space 10240K, 0% used [0x00000000e5d00000,0x00000000e5d00000,0x00000000e6700000)
 ParOldGen       total 52736K, used 32034K [0x00000000a0000000, 0x00000000a3380000, 0x00000000e0000000)
  object space 52736K, 60% used [0x00000000a0000000,0x00000000a1f48b60,0x00000000a3380000)
 Metaspace       used 60863K, capacity 62684K, committed 62936K, reserved 1103872K
  class space    used 8200K, capacity 8623K, committed 8664K, reserved 1048576K
Event: 32.640 GC heap after
Heap after GC invocations=20 (full 3):
 PSYoungGen      total 105472K, used 8808K [0x00000000e0000000, 0x00000000e7100000, 0x0000000100000000)
  eden space 95232K, 0% used [0x00000000e0000000,0x00000000e0000000,0x00000000e5d00000)
  from space 10240K, 86% used [0x00000000e5d00000,0x00000000e659a3b8,0x00000000e6700000)
  to   space 8192K, 0% used [0x00000000e6800000,0x00000000e6800000,0x00000000e7000000)
 ParOldGen       total 52736K, used 32042K [0x00000000a0000000, 0x00000000a3380000, 0x00000000e0000000)
  object space 52736K, 60% used [0x00000000a0000000,0x00000000a1f4ab60,0x00000000a3380000)
 Metaspace       used 60863K, capacity 62684K, committed 62936K, reserved 1103872K
  class space    used 8200K, capacity 8623K, committed 8664K, reserved 1048576K
}

